\BOOKMARK [0][-]{chapter*.3}{R\351sum\351/Abstract}{}% 1
\BOOKMARK [0][-]{chapter*.4}{Remerciements}{}% 2
\BOOKMARK [0][-]{chapter*.5}{Introduction}{}% 3
\BOOKMARK [0][-]{chapter*.6}{Sommaire}{}% 4
\BOOKMARK [0][-]{chapter*.7}{Tables des figures}{}% 5
\BOOKMARK [0][-]{chapter*.8}{Liste des tableaux}{}% 6
\BOOKMARK [0][-]{chapter*.9}{Table des notations}{}% 7
\BOOKMARK [0][-]{chapter.1}{Pr\351sentation g\351n\351rale du CEA}{}% 8
\BOOKMARK [1][-]{section.1.1}{Le CEA}{chapter.1}% 9
\BOOKMARK [2][-]{subsection.1.1.1}{G\351n\351ralit\351s}{section.1.1}% 10
\BOOKMARK [2][-]{subsection.1.1.2}{Les directions op\351rationnelles du CEA}{section.1.1}% 11
\BOOKMARK [2][-]{subsection.1.1.3}{Le CEA en chiffres}{section.1.1}% 12
\BOOKMARK [1][-]{section.1.2}{Le CEA/Gramat}{chapter.1}% 13
\BOOKMARK [2][-]{subsection.1.2.1}{Histoire du centre}{section.1.2}% 14
\BOOKMARK [2][-]{subsection.1.2.2}{Domaine d'activit\351}{section.1.2}% 15
\BOOKMARK [2][-]{subsection.1.2.3}{Organisation de l'entreprise}{section.1.2}% 16
\BOOKMARK [0][-]{chapter.2}{Contenu}{}% 17
\BOOKMARK [1][-]{section.2.1}{Cr\351er un glossaire et une liste des acronymes}{chapter.2}% 18
\BOOKMARK [1][-]{section.2.2}{Ecrire des formules chimiques litt\351rales}{chapter.2}% 19
\BOOKMARK [0][-]{chapter*.12}{Conclusion}{}% 20
\BOOKMARK [0][-]{appendix.A}{Annexe 1}{}% 21
\BOOKMARK [0][-]{appendix.A}{R\351f\351rences}{}% 22
